[23-May-2023 22:43:28 Europe/Moscow] PHP Warning:  Unknown: Failed to open stream: Permission denied in Unknown on line 0
[23-May-2023 22:43:28 Europe/Moscow] PHP Fatal error:  Failed opening required '/var/www/lab7/lab7/lms/task2.php' (include_path='.:/usr/share/php') in Unknown on line 0
[23-May-2023 22:51:59 Europe/Moscow] PHP Warning:  mkdir(): Permission denied in /var/www/lab7/lab7/lms/task22.php on line 32
[23-May-2023 22:51:59 Europe/Moscow] PHP Warning:  file_get_contents(https://president.gov.by/ru//build/img/logo.png): Failed to open stream: HTTP request failed! HTTP/1.1 404 Not Found
 in /var/www/lab7/lab7/lms/task22.php on line 35
[23-May-2023 22:51:59 Europe/Moscow] PHP Warning:  file_put_contents(/ru//build/img/logo.png): Failed to open stream: No such file or directory in /var/www/lab7/lab7/lms/task22.php on line 35
[23-May-2023 22:51:59 Europe/Moscow] PHP Warning:  mkdir(): Permission denied in /var/www/lab7/lab7/lms/task22.php on line 32
[23-May-2023 22:51:59 Europe/Moscow] PHP Warning:  file_get_contents(https://president.gov.by/ru//fp/v1/977/image-thumb__45977__main_banner-narrow/45977.1677665641.8b4bb8af36.jpg): Failed to open stream: HTTP request failed! HTTP/1.1 404 Not Found
 in /var/www/lab7/lab7/lms/task22.php on line 35
[23-May-2023 22:51:59 Europe/Moscow] PHP Warning:  file_put_contents(/ru//fp/v1/977/image-thumb__45977__main_banner-narrow/45977.1677665641.8b4bb8af36.jpg): Failed to open stream: No such file or directory in /var/www/lab7/lab7/lms/task22.php on line 35
[23-May-2023 22:51:59 Europe/Moscow] PHP Warning:  mkdir(): Permission denied in /var/www/lab7/lab7/lms/task22.php on line 32
[23-May-2023 22:51:59 Europe/Moscow] PHP Warning:  file_get_contents(https://president.gov.by/ru//fp/v1/771/image-thumb__47771__object_feed_card/47771.1684492832.d0377f583b.jpg): Failed to open stream: HTTP request failed! HTTP/1.1 404 Not Found
 in /var/www/lab7/lab7/lms/task22.php on line 35
[23-May-2023 22:51:59 Europe/Moscow] PHP Warning:  file_put_contents(/ru//fp/v1/771/image-thumb__47771__object_feed_card/47771.1684492832.d0377f583b.jpg): Failed to open stream: No such file or directory in /var/www/lab7/lab7/lms/task22.php on line 35
[23-May-2023 22:53:21 Europe/Moscow] PHP Warning:  Undefined array key "/var/www/lab7/lab7/lms/saved/" in /var/www/lab7/lab7/lms/task22.php on line 27
[23-May-2023 22:53:21 Europe/Moscow] PHP Deprecated:  pathinfo(): Passing null to parameter #1 ($path) of type string is deprecated in /var/www/lab7/lab7/lms/task22.php on line 27
[23-May-2023 22:53:21 Europe/Moscow] PHP Warning:  Undefined array key "dirname" in /var/www/lab7/lab7/lms/task22.php on line 28
[23-May-2023 22:53:21 Europe/Moscow] PHP Deprecated:  is_dir(): Passing null to parameter #1 ($filename) of type string is deprecated in /var/www/lab7/lab7/lms/task22.php on line 31
[23-May-2023 22:53:21 Europe/Moscow] PHP Deprecated:  mkdir(): Passing null to parameter #1 ($directory) of type string is deprecated in /var/www/lab7/lab7/lms/task22.php on line 32
[23-May-2023 22:53:21 Europe/Moscow] PHP Warning:  mkdir(): Invalid path in /var/www/lab7/lab7/lms/task22.php on line 32
[23-May-2023 22:53:21 Europe/Moscow] PHP Warning:  file_get_contents(https://president.gov.by/ru//build/img/logo.png): Failed to open stream: HTTP request failed! HTTP/1.1 404 Not Found
 in /var/www/lab7/lab7/lms/task22.php on line 35
[23-May-2023 22:53:21 Europe/Moscow] PHP Warning:  file_put_contents(/): Failed to open stream: Is a directory in /var/www/lab7/lab7/lms/task22.php on line 35
[23-May-2023 22:53:21 Europe/Moscow] PHP Warning:  Undefined array key "/var/www/lab7/lab7/lms/saved/" in /var/www/lab7/lab7/lms/task22.php on line 27
[23-May-2023 22:53:21 Europe/Moscow] PHP Deprecated:  pathinfo(): Passing null to parameter #1 ($path) of type string is deprecated in /var/www/lab7/lab7/lms/task22.php on line 27
[23-May-2023 22:53:21 Europe/Moscow] PHP Warning:  Undefined array key "dirname" in /var/www/lab7/lab7/lms/task22.php on line 28
[23-May-2023 22:53:21 Europe/Moscow] PHP Deprecated:  is_dir(): Passing null to parameter #1 ($filename) of type string is deprecated in /var/www/lab7/lab7/lms/task22.php on line 31
[23-May-2023 22:53:21 Europe/Moscow] PHP Deprecated:  mkdir(): Passing null to parameter #1 ($directory) of type string is deprecated in /var/www/lab7/lab7/lms/task22.php on line 32
[23-May-2023 22:53:21 Europe/Moscow] PHP Warning:  mkdir(): Invalid path in /var/www/lab7/lab7/lms/task22.php on line 32
[23-May-2023 22:53:21 Europe/Moscow] PHP Warning:  file_get_contents(https://president.gov.by/ru//fp/v1/977/image-thumb__45977__main_banner-narrow/45977.1677665641.8b4bb8af36.jpg): Failed to open stream: HTTP request failed! HTTP/1.1 404 Not Found
 in /var/www/lab7/lab7/lms/task22.php on line 35
[23-May-2023 22:53:21 Europe/Moscow] PHP Warning:  file_put_contents(/): Failed to open stream: Is a directory in /var/www/lab7/lab7/lms/task22.php on line 35
[23-May-2023 22:53:21 Europe/Moscow] PHP Warning:  Undefined array key "/var/www/lab7/lab7/lms/saved/" in /var/www/lab7/lab7/lms/task22.php on line 27
[23-May-2023 22:53:21 Europe/Moscow] PHP Deprecated:  pathinfo(): Passing null to parameter #1 ($path) of type string is deprecated in /var/www/lab7/lab7/lms/task22.php on line 27
[23-May-2023 22:53:21 Europe/Moscow] PHP Warning:  Undefined array key "dirname" in /var/www/lab7/lab7/lms/task22.php on line 28
[23-May-2023 22:53:21 Europe/Moscow] PHP Deprecated:  is_dir(): Passing null to parameter #1 ($filename) of type string is deprecated in /var/www/lab7/lab7/lms/task22.php on line 31
[23-May-2023 22:53:21 Europe/Moscow] PHP Deprecated:  mkdir(): Passing null to parameter #1 ($directory) of type string is deprecated in /var/www/lab7/lab7/lms/task22.php on line 32
[23-May-2023 22:53:21 Europe/Moscow] PHP Warning:  mkdir(): Invalid path in /var/www/lab7/lab7/lms/task22.php on line 32
[23-May-2023 22:53:21 Europe/Moscow] PHP Warning:  file_get_contents(https://president.gov.by/ru//fp/v1/771/image-thumb__47771__object_feed_card/47771.1684492832.d0377f583b.jpg): Failed to open stream: HTTP request failed! HTTP/1.1 404 Not Found
 in /var/www/lab7/lab7/lms/task22.php on line 35
[23-May-2023 22:53:21 Europe/Moscow] PHP Warning:  file_put_contents(/): Failed to open stream: Is a directory in /var/www/lab7/lab7/lms/task22.php on line 35
[23-May-2023 22:53:48 Europe/Moscow] PHP Warning:  Undefined array key "saved" in /var/www/lab7/lab7/lms/task22.php on line 27
[23-May-2023 22:53:48 Europe/Moscow] PHP Deprecated:  pathinfo(): Passing null to parameter #1 ($path) of type string is deprecated in /var/www/lab7/lab7/lms/task22.php on line 27
[23-May-2023 22:53:48 Europe/Moscow] PHP Warning:  Undefined array key "dirname" in /var/www/lab7/lab7/lms/task22.php on line 28
[23-May-2023 22:53:48 Europe/Moscow] PHP Deprecated:  is_dir(): Passing null to parameter #1 ($filename) of type string is deprecated in /var/www/lab7/lab7/lms/task22.php on line 31
[23-May-2023 22:53:48 Europe/Moscow] PHP Deprecated:  mkdir(): Passing null to parameter #1 ($directory) of type string is deprecated in /var/www/lab7/lab7/lms/task22.php on line 32
[23-May-2023 22:53:48 Europe/Moscow] PHP Warning:  mkdir(): Invalid path in /var/www/lab7/lab7/lms/task22.php on line 32
[23-May-2023 22:53:49 Europe/Moscow] PHP Warning:  file_get_contents(https://president.gov.by/ru//build/img/logo.png): Failed to open stream: HTTP request failed! HTTP/1.1 404 Not Found
 in /var/www/lab7/lab7/lms/task22.php on line 35
[23-May-2023 22:53:49 Europe/Moscow] PHP Warning:  file_put_contents(/): Failed to open stream: Is a directory in /var/www/lab7/lab7/lms/task22.php on line 35
[23-May-2023 22:53:49 Europe/Moscow] PHP Warning:  Undefined array key "saved" in /var/www/lab7/lab7/lms/task22.php on line 27
[23-May-2023 22:53:49 Europe/Moscow] PHP Deprecated:  pathinfo(): Passing null to parameter #1 ($path) of type string is deprecated in /var/www/lab7/lab7/lms/task22.php on line 27
[23-May-2023 22:53:49 Europe/Moscow] PHP Warning:  Undefined array key "dirname" in /var/www/lab7/lab7/lms/task22.php on line 28
[23-May-2023 22:53:49 Europe/Moscow] PHP Deprecated:  is_dir(): Passing null to parameter #1 ($filename) of type string is deprecated in /var/www/lab7/lab7/lms/task22.php on line 31
[23-May-2023 22:53:49 Europe/Moscow] PHP Deprecated:  mkdir(): Passing null to parameter #1 ($directory) of type string is deprecated in /var/www/lab7/lab7/lms/task22.php on line 32
[23-May-2023 22:53:49 Europe/Moscow] PHP Warning:  mkdir(): Invalid path in /var/www/lab7/lab7/lms/task22.php on line 32
[23-May-2023 22:53:49 Europe/Moscow] PHP Warning:  file_get_contents(https://president.gov.by/ru//fp/v1/977/image-thumb__45977__main_banner-narrow/45977.1677665641.8b4bb8af36.jpg): Failed to open stream: HTTP request failed! HTTP/1.1 404 Not Found
 in /var/www/lab7/lab7/lms/task22.php on line 35
[23-May-2023 22:53:49 Europe/Moscow] PHP Warning:  file_put_contents(/): Failed to open stream: Is a directory in /var/www/lab7/lab7/lms/task22.php on line 35
[23-May-2023 22:53:49 Europe/Moscow] PHP Warning:  Undefined array key "saved" in /var/www/lab7/lab7/lms/task22.php on line 27
[23-May-2023 22:53:49 Europe/Moscow] PHP Deprecated:  pathinfo(): Passing null to parameter #1 ($path) of type string is deprecated in /var/www/lab7/lab7/lms/task22.php on line 27
[23-May-2023 22:53:49 Europe/Moscow] PHP Warning:  Undefined array key "dirname" in /var/www/lab7/lab7/lms/task22.php on line 28
[23-May-2023 22:53:49 Europe/Moscow] PHP Deprecated:  is_dir(): Passing null to parameter #1 ($filename) of type string is deprecated in /var/www/lab7/lab7/lms/task22.php on line 31
[23-May-2023 22:53:49 Europe/Moscow] PHP Deprecated:  mkdir(): Passing null to parameter #1 ($directory) of type string is deprecated in /var/www/lab7/lab7/lms/task22.php on line 32
[23-May-2023 22:53:49 Europe/Moscow] PHP Warning:  mkdir(): Invalid path in /var/www/lab7/lab7/lms/task22.php on line 32
[23-May-2023 22:53:49 Europe/Moscow] PHP Warning:  file_get_contents(https://president.gov.by/ru//fp/v1/771/image-thumb__47771__object_feed_card/47771.1684492832.d0377f583b.jpg): Failed to open stream: HTTP request failed! HTTP/1.1 404 Not Found
 in /var/www/lab7/lab7/lms/task22.php on line 35
[23-May-2023 22:53:49 Europe/Moscow] PHP Warning:  file_put_contents(/): Failed to open stream: Is a directory in /var/www/lab7/lab7/lms/task22.php on line 35
[23-May-2023 22:54:00 Europe/Moscow] PHP Warning:  Undefined array key "saved" in /var/www/lab7/lab7/lms/task22.php on line 27
[23-May-2023 22:54:00 Europe/Moscow] PHP Deprecated:  pathinfo(): Passing null to parameter #1 ($path) of type string is deprecated in /var/www/lab7/lab7/lms/task22.php on line 27
[23-May-2023 22:54:00 Europe/Moscow] PHP Warning:  Undefined array key "dirname" in /var/www/lab7/lab7/lms/task22.php on line 28
[23-May-2023 22:54:00 Europe/Moscow] PHP Deprecated:  is_dir(): Passing null to parameter #1 ($filename) of type string is deprecated in /var/www/lab7/lab7/lms/task22.php on line 31
[23-May-2023 22:54:00 Europe/Moscow] PHP Deprecated:  mkdir(): Passing null to parameter #1 ($directory) of type string is deprecated in /var/www/lab7/lab7/lms/task22.php on line 32
[23-May-2023 22:54:00 Europe/Moscow] PHP Warning:  mkdir(): Invalid path in /var/www/lab7/lab7/lms/task22.php on line 32
[23-May-2023 22:54:00 Europe/Moscow] PHP Warning:  file_get_contents(https://president.gov.by/ru//build/img/logo.png): Failed to open stream: HTTP request failed! HTTP/1.1 404 Not Found
 in /var/www/lab7/lab7/lms/task22.php on line 35
[23-May-2023 22:54:00 Europe/Moscow] PHP Warning:  file_put_contents(/): Failed to open stream: Is a directory in /var/www/lab7/lab7/lms/task22.php on line 35
[23-May-2023 22:54:00 Europe/Moscow] PHP Warning:  Undefined array key "saved" in /var/www/lab7/lab7/lms/task22.php on line 27
[23-May-2023 22:54:00 Europe/Moscow] PHP Deprecated:  pathinfo(): Passing null to parameter #1 ($path) of type string is deprecated in /var/www/lab7/lab7/lms/task22.php on line 27
[23-May-2023 22:54:00 Europe/Moscow] PHP Warning:  Undefined array key "dirname" in /var/www/lab7/lab7/lms/task22.php on line 28
[23-May-2023 22:54:00 Europe/Moscow] PHP Deprecated:  is_dir(): Passing null to parameter #1 ($filename) of type string is deprecated in /var/www/lab7/lab7/lms/task22.php on line 31
[23-May-2023 22:54:00 Europe/Moscow] PHP Deprecated:  mkdir(): Passing null to parameter #1 ($directory) of type string is deprecated in /var/www/lab7/lab7/lms/task22.php on line 32
[23-May-2023 22:54:00 Europe/Moscow] PHP Warning:  mkdir(): Invalid path in /var/www/lab7/lab7/lms/task22.php on line 32
[23-May-2023 22:54:00 Europe/Moscow] PHP Warning:  file_get_contents(https://president.gov.by/ru//fp/v1/977/image-thumb__45977__main_banner-narrow/45977.1677665641.8b4bb8af36.jpg): Failed to open stream: HTTP request failed! HTTP/1.1 404 Not Found
 in /var/www/lab7/lab7/lms/task22.php on line 35
[23-May-2023 22:54:00 Europe/Moscow] PHP Warning:  file_put_contents(/): Failed to open stream: Is a directory in /var/www/lab7/lab7/lms/task22.php on line 35
[23-May-2023 22:54:00 Europe/Moscow] PHP Warning:  Undefined array key "saved" in /var/www/lab7/lab7/lms/task22.php on line 27
[23-May-2023 22:54:00 Europe/Moscow] PHP Deprecated:  pathinfo(): Passing null to parameter #1 ($path) of type string is deprecated in /var/www/lab7/lab7/lms/task22.php on line 27
[23-May-2023 22:54:00 Europe/Moscow] PHP Warning:  Undefined array key "dirname" in /var/www/lab7/lab7/lms/task22.php on line 28
[23-May-2023 22:54:00 Europe/Moscow] PHP Deprecated:  is_dir(): Passing null to parameter #1 ($filename) of type string is deprecated in /var/www/lab7/lab7/lms/task22.php on line 31
[23-May-2023 22:54:00 Europe/Moscow] PHP Deprecated:  mkdir(): Passing null to parameter #1 ($directory) of type string is deprecated in /var/www/lab7/lab7/lms/task22.php on line 32
[23-May-2023 22:54:00 Europe/Moscow] PHP Warning:  mkdir(): Invalid path in /var/www/lab7/lab7/lms/task22.php on line 32
[23-May-2023 22:54:00 Europe/Moscow] PHP Warning:  file_get_contents(https://president.gov.by/ru//fp/v1/771/image-thumb__47771__object_feed_card/47771.1684492832.d0377f583b.jpg): Failed to open stream: HTTP request failed! HTTP/1.1 404 Not Found
 in /var/www/lab7/lab7/lms/task22.php on line 35
[23-May-2023 22:54:00 Europe/Moscow] PHP Warning:  file_put_contents(/): Failed to open stream: Is a directory in /var/www/lab7/lab7/lms/task22.php on line 35
[23-May-2023 22:59:49 Europe/Moscow] PHP Warning:  mkdir(): Permission denied in /var/www/lab7/lab7/lms/task22.php on line 32
[23-May-2023 22:59:49 Europe/Moscow] PHP Warning:  file_get_contents(https://president.gov.by/ru//build/img/logo.png): Failed to open stream: HTTP request failed! HTTP/1.1 404 Not Found
 in /var/www/lab7/lab7/lms/task22.php on line 35
[23-May-2023 22:59:49 Europe/Moscow] PHP Warning:  file_put_contents(/var/www/lab7/lab7/lms/saved//ru//build/img/logo.png): Failed to open stream: No such file or directory in /var/www/lab7/lab7/lms/task22.php on line 35
[23-May-2023 22:59:49 Europe/Moscow] PHP Warning:  mkdir(): Permission denied in /var/www/lab7/lab7/lms/task22.php on line 32
[23-May-2023 22:59:50 Europe/Moscow] PHP Warning:  file_get_contents(https://president.gov.by/ru//fp/v1/977/image-thumb__45977__main_banner-narrow/45977.1677665641.8b4bb8af36.jpg): Failed to open stream: HTTP request failed! HTTP/1.1 404 Not Found
 in /var/www/lab7/lab7/lms/task22.php on line 35
[23-May-2023 22:59:50 Europe/Moscow] PHP Warning:  file_put_contents(/var/www/lab7/lab7/lms/saved//ru//fp/v1/977/image-thumb__45977__main_banner-narrow/45977.1677665641.8b4bb8af36.jpg): Failed to open stream: No such file or directory in /var/www/lab7/lab7/lms/task22.php on line 35
[23-May-2023 22:59:50 Europe/Moscow] PHP Warning:  mkdir(): Permission denied in /var/www/lab7/lab7/lms/task22.php on line 32
[23-May-2023 22:59:50 Europe/Moscow] PHP Warning:  file_get_contents(https://president.gov.by/ru//fp/v1/771/image-thumb__47771__object_feed_card/47771.1684492832.d0377f583b.jpg): Failed to open stream: HTTP request failed! HTTP/1.1 404 Not Found
 in /var/www/lab7/lab7/lms/task22.php on line 35
[23-May-2023 22:59:50 Europe/Moscow] PHP Warning:  file_put_contents(/var/www/lab7/lab7/lms/saved//ru//fp/v1/771/image-thumb__47771__object_feed_card/47771.1684492832.d0377f583b.jpg): Failed to open stream: No such file or directory in /var/www/lab7/lab7/lms/task22.php on line 35
[23-May-2023 22:59:50 Europe/Moscow] PHP Warning:  mkdir(): Permission denied in /var/www/lab7/lab7/lms/task22.php on line 32
[23-May-2023 22:59:50 Europe/Moscow] PHP Warning:  file_get_contents(https://president.gov.by/ru//build/img/logo.png): Failed to open stream: HTTP request failed! HTTP/1.1 404 Not Found
 in /var/www/lab7/lab7/lms/task22.php on line 35
[23-May-2023 22:59:50 Europe/Moscow] PHP Warning:  file_put_contents(/var/www/lab7/lab7/lms/saved//ru//build/img/logo.png): Failed to open stream: No such file or directory in /var/www/lab7/lab7/lms/task22.php on line 35
[23-May-2023 22:59:50 Europe/Moscow] PHP Warning:  mkdir(): Permission denied in /var/www/lab7/lab7/lms/task22.php on line 32
[23-May-2023 22:59:50 Europe/Moscow] PHP Warning:  file_get_contents(https://president.gov.by/ru//fp/v1/977/image-thumb__45977__main_banner-narrow/45977.1677665641.8b4bb8af36.jpg): Failed to open stream: HTTP request failed! HTTP/1.1 404 Not Found
 in /var/www/lab7/lab7/lms/task22.php on line 35
[23-May-2023 22:59:50 Europe/Moscow] PHP Warning:  file_put_contents(/var/www/lab7/lab7/lms/saved//ru//fp/v1/977/image-thumb__45977__main_banner-narrow/45977.1677665641.8b4bb8af36.jpg): Failed to open stream: No such file or directory in /var/www/lab7/lab7/lms/task22.php on line 35
[23-May-2023 22:59:50 Europe/Moscow] PHP Warning:  mkdir(): Permission denied in /var/www/lab7/lab7/lms/task22.php on line 32
[23-May-2023 22:59:50 Europe/Moscow] PHP Warning:  file_get_contents(https://president.gov.by/ru//fp/v1/771/image-thumb__47771__object_feed_card/47771.1684492832.d0377f583b.jpg): Failed to open stream: HTTP request failed! HTTP/1.1 404 Not Found
 in /var/www/lab7/lab7/lms/task22.php on line 35
[23-May-2023 22:59:50 Europe/Moscow] PHP Warning:  file_put_contents(/var/www/lab7/lab7/lms/saved//ru//fp/v1/771/image-thumb__47771__object_feed_card/47771.1684492832.d0377f583b.jpg): Failed to open stream: No such file or directory in /var/www/lab7/lab7/lms/task22.php on line 35
[23-May-2023 22:59:51 Europe/Moscow] PHP Warning:  mkdir(): Permission denied in /var/www/lab7/lab7/lms/task22.php on line 32
[23-May-2023 22:59:51 Europe/Moscow] PHP Warning:  file_get_contents(https://president.gov.by/ru//build/img/logo.png): Failed to open stream: HTTP request failed! HTTP/1.1 404 Not Found
 in /var/www/lab7/lab7/lms/task22.php on line 35
[23-May-2023 22:59:51 Europe/Moscow] PHP Warning:  file_put_contents(/var/www/lab7/lab7/lms/saved//ru//build/img/logo.png): Failed to open stream: No such file or directory in /var/www/lab7/lab7/lms/task22.php on line 35
[23-May-2023 22:59:51 Europe/Moscow] PHP Warning:  mkdir(): Permission denied in /var/www/lab7/lab7/lms/task22.php on line 32
[23-May-2023 22:59:51 Europe/Moscow] PHP Warning:  file_get_contents(https://president.gov.by/ru//fp/v1/977/image-thumb__45977__main_banner-narrow/45977.1677665641.8b4bb8af36.jpg): Failed to open stream: HTTP request failed! HTTP/1.1 404 Not Found
 in /var/www/lab7/lab7/lms/task22.php on line 35
[23-May-2023 22:59:51 Europe/Moscow] PHP Warning:  file_put_contents(/var/www/lab7/lab7/lms/saved//ru//fp/v1/977/image-thumb__45977__main_banner-narrow/45977.1677665641.8b4bb8af36.jpg): Failed to open stream: No such file or directory in /var/www/lab7/lab7/lms/task22.php on line 35
[23-May-2023 22:59:51 Europe/Moscow] PHP Warning:  mkdir(): Permission denied in /var/www/lab7/lab7/lms/task22.php on line 32
[23-May-2023 22:59:51 Europe/Moscow] PHP Warning:  file_get_contents(https://president.gov.by/ru//fp/v1/771/image-thumb__47771__object_feed_card/47771.1684492832.d0377f583b.jpg): Failed to open stream: HTTP request failed! HTTP/1.1 404 Not Found
 in /var/www/lab7/lab7/lms/task22.php on line 35
[23-May-2023 22:59:51 Europe/Moscow] PHP Warning:  file_put_contents(/var/www/lab7/lab7/lms/saved//ru//fp/v1/771/image-thumb__47771__object_feed_card/47771.1684492832.d0377f583b.jpg): Failed to open stream: No such file or directory in /var/www/lab7/lab7/lms/task22.php on line 35
[23-May-2023 22:59:58 Europe/Moscow] PHP Warning:  mkdir(): Permission denied in /var/www/lab7/lab7/lms/task22.php on line 32
[23-May-2023 22:59:58 Europe/Moscow] PHP Warning:  file_get_contents(https://president.gov.by/ru//build/img/logo.png): Failed to open stream: HTTP request failed! HTTP/1.1 404 Not Found
 in /var/www/lab7/lab7/lms/task22.php on line 35
[23-May-2023 22:59:58 Europe/Moscow] PHP Warning:  file_put_contents(/var/www/lab7/lab7/lms/saved//ru//build/img/logo.png): Failed to open stream: No such file or directory in /var/www/lab7/lab7/lms/task22.php on line 35
[23-May-2023 22:59:58 Europe/Moscow] PHP Warning:  mkdir(): Permission denied in /var/www/lab7/lab7/lms/task22.php on line 32
[23-May-2023 22:59:58 Europe/Moscow] PHP Warning:  file_get_contents(https://president.gov.by/ru//fp/v1/977/image-thumb__45977__main_banner-narrow/45977.1677665641.8b4bb8af36.jpg): Failed to open stream: HTTP request failed! HTTP/1.1 404 Not Found
 in /var/www/lab7/lab7/lms/task22.php on line 35
[23-May-2023 22:59:58 Europe/Moscow] PHP Warning:  file_put_contents(/var/www/lab7/lab7/lms/saved//ru//fp/v1/977/image-thumb__45977__main_banner-narrow/45977.1677665641.8b4bb8af36.jpg): Failed to open stream: No such file or directory in /var/www/lab7/lab7/lms/task22.php on line 35
[23-May-2023 22:59:58 Europe/Moscow] PHP Warning:  mkdir(): Permission denied in /var/www/lab7/lab7/lms/task22.php on line 32
[23-May-2023 22:59:58 Europe/Moscow] PHP Warning:  file_get_contents(https://president.gov.by/ru//fp/v1/771/image-thumb__47771__object_feed_card/47771.1684492832.d0377f583b.jpg): Failed to open stream: HTTP request failed! HTTP/1.1 404 Not Found
 in /var/www/lab7/lab7/lms/task22.php on line 35
[23-May-2023 22:59:58 Europe/Moscow] PHP Warning:  file_put_contents(/var/www/lab7/lab7/lms/saved//ru//fp/v1/771/image-thumb__47771__object_feed_card/47771.1684492832.d0377f583b.jpg): Failed to open stream: No such file or directory in /var/www/lab7/lab7/lms/task22.php on line 35
[23-May-2023 23:11:22 Europe/Moscow] PHP Warning:  file_get_contents(https://wallpapercave.com/categories/anime): Failed to open stream: HTTP request failed! HTTP/1.1 403 Forbidden
 in /var/www/lab7/lab7/lms/task22.php on line 17
[23-May-2023 23:27:26 Europe/Moscow] PHP Warning:  file_get_contents(https://wallpapercave.com/categories/anime): Failed to open stream: HTTP request failed! HTTP/1.1 403 Forbidden
 in /var/www/lab7/lab7/lms/task2.php on line 57
