[23-May-2023 22:07:08 Europe/Moscow] PHP Warning:  file_get_contents(https://weather.rambler.ru/v-Minske/tomorrow/): Failed to open stream: HTTP request failed! HTTP/1.1 404 Not Found
 in /var/www/Labs/Lab7/Task3/index.php on line 21
[23-May-2023 22:07:08 Europe/Moscow] PHP Warning:  file_get_contents(https://weather.rambler.ru/v-Minsk/tomorrow/): Failed to open stream: HTTP request failed! HTTP/1.1 404 Not Found
 in /var/www/Labs/Lab7/Task3/index.php on line 23
[23-May-2023 22:07:08 Europe/Moscow] PHP Warning:  Undefined array key 0 in /var/www/Labs/Lab7/Task3/index.php on line 29
[23-May-2023 22:07:08 Europe/Moscow] PHP Warning:  Undefined array key 0 in /var/www/Labs/Lab7/Task3/index.php on line 29
[23-May-2023 22:07:10 Europe/Moscow] PHP Fatal error:  Uncaught TypeError: file_get_contents(): Argument #1 ($filename) must be of type string, array given in /var/www/Labs/Lab7/Task3/index.php:37
Stack trace:
#0 /var/www/Labs/Lab7/Task3/index.php(37): file_get_contents()
#1 /var/www/Labs/Lab7/Task3/index.php(91): getWeatherForecastOpenWeather()
#2 {main}
  thrown in /var/www/Labs/Lab7/Task3/index.php on line 37
[23-May-2023 22:08:38 Europe/Moscow] PHP Warning:  file_get_contents(https://weather.rambler.ru/v-Minske/tomorrow/): Failed to open stream: HTTP request failed! HTTP/1.1 404 Not Found
 in /var/www/Labs/Lab7/Task3/index.php on line 21
[23-May-2023 22:08:38 Europe/Moscow] PHP Warning:  file_get_contents(https://weather.rambler.ru/v-Minsk/tomorrow/): Failed to open stream: HTTP request failed! HTTP/1.1 404 Not Found
 in /var/www/Labs/Lab7/Task3/index.php on line 23
[23-May-2023 22:08:38 Europe/Moscow] PHP Warning:  Undefined array key 0 in /var/www/Labs/Lab7/Task3/index.php on line 29
[23-May-2023 22:08:38 Europe/Moscow] PHP Warning:  Undefined array key 0 in /var/www/Labs/Lab7/Task3/index.php on line 29
[23-May-2023 22:08:39 Europe/Moscow] PHP Fatal error:  Uncaught TypeError: file_get_contents(): Argument #1 ($filename) must be of type string, array given in /var/www/Labs/Lab7/Task3/index.php:38
Stack trace:
#0 /var/www/Labs/Lab7/Task3/index.php(38): file_get_contents()
#1 /var/www/Labs/Lab7/Task3/index.php(93): getWeatherForecastOpenWeather()
#2 {main}
  thrown in /var/www/Labs/Lab7/Task3/index.php on line 38
[23-May-2023 22:09:10 Europe/Moscow] PHP Warning:  Array to string conversion in /var/www/Labs/Lab7/Task3/index.php on line 37
[23-May-2023 22:09:10 Europe/Moscow] PHP Fatal error:  Uncaught TypeError: file_get_contents(): Argument #1 ($filename) must be of type string, array given in /var/www/Labs/Lab7/Task3/index.php:38
Stack trace:
#0 /var/www/Labs/Lab7/Task3/index.php(38): file_get_contents()
#1 /var/www/Labs/Lab7/Task3/index.php(92): getWeatherForecastOpenWeather()
#2 {main}
  thrown in /var/www/Labs/Lab7/Task3/index.php on line 38
[23-May-2023 22:09:36 Europe/Moscow] PHP Warning:  Array to string conversion in /var/www/Labs/Lab7/Task3/index.php on line 37
[23-May-2023 22:09:36 Europe/Moscow] PHP Warning:  Undefined property: stdClass::$list in /var/www/Labs/Lab7/Task3/index.php on line 41
[23-May-2023 22:09:36 Europe/Moscow] PHP Warning:  Trying to access array offset on value of type null in /var/www/Labs/Lab7/Task3/index.php on line 42
[23-May-2023 22:09:36 Europe/Moscow] PHP Warning:  Attempt to read property "temp" on null in /var/www/Labs/Lab7/Task3/index.php on line 42
[23-May-2023 22:09:36 Europe/Moscow] PHP Warning:  Attempt to read property "day" on null in /var/www/Labs/Lab7/Task3/index.php on line 42
[23-May-2023 22:09:52 Europe/Moscow] PHP Warning:  file_get_contents(https://weather.rambler.ru/v-Minske/tomorrow/): Failed to open stream: HTTP request failed! HTTP/1.1 404 Not Found
 in /var/www/Labs/Lab7/Task3/index.php on line 21
[23-May-2023 22:09:53 Europe/Moscow] PHP Warning:  file_get_contents(https://weather.rambler.ru/v-Minsk/tomorrow/): Failed to open stream: HTTP request failed! HTTP/1.1 404 Not Found
 in /var/www/Labs/Lab7/Task3/index.php on line 23
[23-May-2023 22:09:53 Europe/Moscow] PHP Warning:  Undefined array key 0 in /var/www/Labs/Lab7/Task3/index.php on line 29
[23-May-2023 22:09:53 Europe/Moscow] PHP Warning:  Undefined array key 0 in /var/www/Labs/Lab7/Task3/index.php on line 29
[23-May-2023 22:09:55 Europe/Moscow] PHP Warning:  Undefined property: stdClass::$list in /var/www/Labs/Lab7/Task3/index.php on line 41
[23-May-2023 22:09:55 Europe/Moscow] PHP Warning:  Trying to access array offset on value of type null in /var/www/Labs/Lab7/Task3/index.php on line 42
[23-May-2023 22:09:55 Europe/Moscow] PHP Warning:  Attempt to read property "temp" on null in /var/www/Labs/Lab7/Task3/index.php on line 42
[23-May-2023 22:09:55 Europe/Moscow] PHP Warning:  Attempt to read property "day" on null in /var/www/Labs/Lab7/Task3/index.php on line 42
[23-May-2023 22:10:45 Europe/Moscow] PHP Warning:  file_get_contents(https://weather.rambler.ru/v-Minske/tomorrow/): Failed to open stream: HTTP request failed! HTTP/1.1 404 Not Found
 in /var/www/Labs/Lab7/Task3/index.php on line 21
[23-May-2023 22:10:45 Europe/Moscow] PHP Warning:  file_get_contents(https://weather.rambler.ru/v-Minsk/tomorrow/): Failed to open stream: HTTP request failed! HTTP/1.1 404 Not Found
 in /var/www/Labs/Lab7/Task3/index.php on line 23
[23-May-2023 22:10:45 Europe/Moscow] PHP Warning:  Undefined array key 0 in /var/www/Labs/Lab7/Task3/index.php on line 29
[23-May-2023 22:10:45 Europe/Moscow] PHP Warning:  Undefined array key 0 in /var/www/Labs/Lab7/Task3/index.php on line 29
[23-May-2023 22:10:47 Europe/Moscow] PHP Warning:  Undefined property: stdClass::$list in /var/www/Labs/Lab7/Task3/index.php on line 41
[23-May-2023 22:10:47 Europe/Moscow] PHP Warning:  Trying to access array offset on value of type null in /var/www/Labs/Lab7/Task3/index.php on line 42
[23-May-2023 22:10:47 Europe/Moscow] PHP Warning:  Attempt to read property "temp" on null in /var/www/Labs/Lab7/Task3/index.php on line 42
[23-May-2023 22:10:47 Europe/Moscow] PHP Warning:  Attempt to read property "day" on null in /var/www/Labs/Lab7/Task3/index.php on line 42
[23-May-2023 22:10:47 Europe/Moscow] PHP Warning:  foreach() argument must be of type array|object, null given in /var/www/Labs/Lab7/Task3/index.php on line 44
[23-May-2023 22:10:55 Europe/Moscow] PHP Warning:  file_get_contents(https://weather.rambler.ru/v-Minske/tomorrow/): Failed to open stream: HTTP request failed! HTTP/1.1 404 Not Found
 in /var/www/Labs/Lab7/Task3/index.php on line 21
[23-May-2023 22:10:55 Europe/Moscow] PHP Warning:  file_get_contents(https://weather.rambler.ru/v-Minsk/tomorrow/): Failed to open stream: HTTP request failed! HTTP/1.1 404 Not Found
 in /var/www/Labs/Lab7/Task3/index.php on line 23
[23-May-2023 22:10:55 Europe/Moscow] PHP Warning:  Undefined array key 0 in /var/www/Labs/Lab7/Task3/index.php on line 29
[23-May-2023 22:10:55 Europe/Moscow] PHP Warning:  Undefined array key 0 in /var/www/Labs/Lab7/Task3/index.php on line 29
[23-May-2023 22:10:57 Europe/Moscow] PHP Warning:  Undefined property: stdClass::$list in /var/www/Labs/Lab7/Task3/index.php on line 41
[23-May-2023 22:10:57 Europe/Moscow] PHP Warning:  Trying to access array offset on value of type null in /var/www/Labs/Lab7/Task3/index.php on line 42
[23-May-2023 22:10:57 Europe/Moscow] PHP Warning:  Attempt to read property "temp" on null in /var/www/Labs/Lab7/Task3/index.php on line 42
[23-May-2023 22:10:57 Europe/Moscow] PHP Warning:  Attempt to read property "day" on null in /var/www/Labs/Lab7/Task3/index.php on line 42
[23-May-2023 22:10:57 Europe/Moscow] PHP Warning:  foreach() argument must be of type array|object, null given in /var/www/Labs/Lab7/Task3/index.php on line 44
[23-May-2023 22:11:03 Europe/Moscow] PHP Warning:  file_get_contents(https://weather.rambler.ru/v-Minske/tomorrow/): Failed to open stream: HTTP request failed! HTTP/1.1 404 Not Found
 in /var/www/Labs/Lab7/Task3/index.php on line 21
[23-May-2023 22:11:03 Europe/Moscow] PHP Warning:  file_get_contents(https://weather.rambler.ru/v-Minsk/tomorrow/): Failed to open stream: HTTP request failed! HTTP/1.1 404 Not Found
 in /var/www/Labs/Lab7/Task3/index.php on line 23
[23-May-2023 22:11:03 Europe/Moscow] PHP Warning:  Undefined array key 0 in /var/www/Labs/Lab7/Task3/index.php on line 29
[23-May-2023 22:11:03 Europe/Moscow] PHP Warning:  Undefined array key 0 in /var/www/Labs/Lab7/Task3/index.php on line 29
[23-May-2023 22:11:05 Europe/Moscow] PHP Warning:  Undefined property: stdClass::$list in /var/www/Labs/Lab7/Task3/index.php on line 41
[23-May-2023 22:11:05 Europe/Moscow] PHP Warning:  Trying to access array offset on value of type null in /var/www/Labs/Lab7/Task3/index.php on line 42
[23-May-2023 22:11:05 Europe/Moscow] PHP Warning:  Attempt to read property "temp" on null in /var/www/Labs/Lab7/Task3/index.php on line 42
[23-May-2023 22:11:05 Europe/Moscow] PHP Warning:  Attempt to read property "day" on null in /var/www/Labs/Lab7/Task3/index.php on line 42
[23-May-2023 22:11:05 Europe/Moscow] PHP Warning:  foreach() argument must be of type array|object, null given in /var/www/Labs/Lab7/Task3/index.php on line 44
[23-May-2023 22:12:36 Europe/Moscow] PHP Warning:  file_get_contents(https://weather.rambler.ru/v-Minske/tomorrow/): Failed to open stream: HTTP request failed! HTTP/1.1 404 Not Found
 in /var/www/Labs/Lab7/Task3/index.php on line 21
[23-May-2023 22:12:36 Europe/Moscow] PHP Warning:  file_get_contents(https://weather.rambler.ru/v-Minsk/tomorrow/): Failed to open stream: HTTP request failed! HTTP/1.1 404 Not Found
 in /var/www/Labs/Lab7/Task3/index.php on line 23
[23-May-2023 22:12:36 Europe/Moscow] PHP Warning:  Undefined array key 0 in /var/www/Labs/Lab7/Task3/index.php on line 29
[23-May-2023 22:12:36 Europe/Moscow] PHP Warning:  Undefined array key 0 in /var/www/Labs/Lab7/Task3/index.php on line 29
[23-May-2023 22:12:38 Europe/Moscow] PHP Warning:  Undefined property: stdClass::$list in /var/www/Labs/Lab7/Task3/index.php on line 41
[23-May-2023 22:12:38 Europe/Moscow] PHP Warning:  Trying to access array offset on value of type null in /var/www/Labs/Lab7/Task3/index.php on line 42
[23-May-2023 22:12:38 Europe/Moscow] PHP Warning:  Attempt to read property "temp" on null in /var/www/Labs/Lab7/Task3/index.php on line 42
[23-May-2023 22:12:38 Europe/Moscow] PHP Warning:  Attempt to read property "day" on null in /var/www/Labs/Lab7/Task3/index.php on line 42
[23-May-2023 22:12:38 Europe/Moscow] PHP Warning:  foreach() argument must be of type array|object, null given in /var/www/Labs/Lab7/Task3/index.php on line 44
[23-May-2023 22:12:54 Europe/Moscow] PHP Warning:  file_get_contents(https://weather.rambler.ru/v-Minske/tomorrow/): Failed to open stream: HTTP request failed! HTTP/1.1 404 Not Found
 in /var/www/Labs/Lab7/Task3/index.php on line 21
[23-May-2023 22:12:54 Europe/Moscow] PHP Warning:  file_get_contents(https://weather.rambler.ru/v-Minsk/tomorrow/): Failed to open stream: HTTP request failed! HTTP/1.1 404 Not Found
 in /var/www/Labs/Lab7/Task3/index.php on line 23
[23-May-2023 22:12:54 Europe/Moscow] PHP Warning:  Undefined array key 0 in /var/www/Labs/Lab7/Task3/index.php on line 29
[23-May-2023 22:12:54 Europe/Moscow] PHP Warning:  Undefined array key 0 in /var/www/Labs/Lab7/Task3/index.php on line 29
[23-May-2023 22:12:56 Europe/Moscow] PHP Warning:  Undefined property: stdClass::$list in /var/www/Labs/Lab7/Task3/index.php on line 41
[23-May-2023 22:12:56 Europe/Moscow] PHP Warning:  foreach() argument must be of type array|object, null given in /var/www/Labs/Lab7/Task3/index.php on line 44
[23-May-2023 22:12:56 Europe/Moscow] PHP Warning:  Undefined variable $temperatureRes in /var/www/Labs/Lab7/Task3/index.php on line 59
[23-May-2023 22:14:11 Europe/Moscow] PHP Warning:  Undefined property: stdClass::$list in /var/www/Labs/Lab7/Task3/index.php on line 41
[23-May-2023 22:14:11 Europe/Moscow] PHP Warning:  foreach() argument must be of type array|object, null given in /var/www/Labs/Lab7/Task3/index.php on line 45
[23-May-2023 22:14:11 Europe/Moscow] PHP Warning:  Undefined variable $temperatureRes in /var/www/Labs/Lab7/Task3/index.php on line 60
[23-May-2023 22:14:52 Europe/Moscow] PHP Warning:  file_get_contents(https://weather.rambler.ru/v-Minske/tomorrow/): Failed to open stream: HTTP request failed! HTTP/1.1 404 Not Found
 in /var/www/Labs/Lab7/Task3/index.php on line 21
[23-May-2023 22:14:52 Europe/Moscow] PHP Warning:  file_get_contents(https://weather.rambler.ru/v-Minsk/tomorrow/): Failed to open stream: HTTP request failed! HTTP/1.1 404 Not Found
 in /var/www/Labs/Lab7/Task3/index.php on line 23
[23-May-2023 22:14:52 Europe/Moscow] PHP Warning:  Undefined array key 0 in /var/www/Labs/Lab7/Task3/index.php on line 29
[23-May-2023 22:14:52 Europe/Moscow] PHP Warning:  Undefined array key 0 in /var/www/Labs/Lab7/Task3/index.php on line 29
[23-May-2023 22:14:54 Europe/Moscow] PHP Warning:  Undefined variable $arrayDays in /var/www/Labs/Lab7/Task3/index.php on line 45
[23-May-2023 22:14:54 Europe/Moscow] PHP Warning:  foreach() argument must be of type array|object, null given in /var/www/Labs/Lab7/Task3/index.php on line 45
[23-May-2023 22:14:54 Europe/Moscow] PHP Warning:  Undefined variable $temperatureRes in /var/www/Labs/Lab7/Task3/index.php on line 60
[23-May-2023 22:16:07 Europe/Moscow] PHP Fatal error:  Uncaught Error: Call to undefined function curl_init() in /var/www/Labs/Lab7/Task3/index.php:40
Stack trace:
#0 /var/www/Labs/Lab7/Task3/index.php(107): getWeatherForecastOpenWeather()
#1 {main}
  thrown in /var/www/Labs/Lab7/Task3/index.php on line 40
[23-May-2023 22:16:28 Europe/Moscow] PHP Fatal error:  Uncaught Error: Call to undefined function curl_init() in /var/www/Labs/Lab7/Task3/index.php:41
Stack trace:
#0 /var/www/Labs/Lab7/Task3/index.php(108): getWeatherForecastOpenWeather()
#1 {main}
  thrown in /var/www/Labs/Lab7/Task3/index.php on line 41
[23-May-2023 22:17:19 Europe/Moscow] PHP Warning:  Undefined variable $arrayDays in /var/www/Labs/Lab7/Task3/index.php on line 47
[23-May-2023 22:17:19 Europe/Moscow] PHP Warning:  foreach() argument must be of type array|object, null given in /var/www/Labs/Lab7/Task3/index.php on line 47
[23-May-2023 22:17:19 Europe/Moscow] PHP Warning:  Undefined variable $temperatureRes in /var/www/Labs/Lab7/Task3/index.php on line 62
[23-May-2023 22:18:39 Europe/Moscow] PHP Warning:  Undefined property: stdClass::$list in /var/www/Labs/Lab7/Task3/index.php on line 43
[23-May-2023 22:18:39 Europe/Moscow] PHP Warning:  foreach() argument must be of type array|object, null given in /var/www/Labs/Lab7/Task3/index.php on line 47
[23-May-2023 22:18:39 Europe/Moscow] PHP Warning:  Undefined variable $temperatureRes in /var/www/Labs/Lab7/Task3/index.php on line 62
[23-May-2023 22:23:07 Europe/Moscow] PHP Warning:  Undefined property: stdClass::$list in /var/www/Labs/Lab7/Task3/index.php on line 43
[23-May-2023 22:23:07 Europe/Moscow] PHP Warning:  foreach() argument must be of type array|object, null given in /var/www/Labs/Lab7/Task3/index.php on line 47
[23-May-2023 22:23:07 Europe/Moscow] PHP Warning:  Undefined variable $temperatureRes in /var/www/Labs/Lab7/Task3/index.php on line 62
[23-May-2023 22:52:21 Europe/Moscow] PHP Warning:  Undefined property: stdClass::$list in /var/www/Labs/Lab7/Task3/index.php on line 43
[23-May-2023 22:52:21 Europe/Moscow] PHP Warning:  foreach() argument must be of type array|object, null given in /var/www/Labs/Lab7/Task3/index.php on line 47
[23-May-2023 22:52:21 Europe/Moscow] PHP Warning:  Undefined variable $temperatureRes in /var/www/Labs/Lab7/Task3/index.php on line 62
[23-May-2023 22:52:21 Europe/Moscow] PHP Warning:  file_get_contents(https://api.weather.yandex.ru/v2/forecast/?lat=55.721560&amp;lon=84.929553&amp;lang=ru_RU): Failed to open stream: HTTP request failed! HTTP/1.1 403 Forbidden
 in /var/www/Labs/Lab7/Task3/index.php on line 74
[23-May-2023 22:52:21 Europe/Moscow] PHP Warning:  Attempt to read property "fact" on null in /var/www/Labs/Lab7/Task3/index.php on line 77
[23-May-2023 22:52:21 Europe/Moscow] PHP Warning:  Attempt to read property "temp" on null in /var/www/Labs/Lab7/Task3/index.php on line 78
[23-May-2023 22:52:42 Europe/Moscow] PHP Warning:  Undefined property: stdClass::$list in /var/www/Labs/Lab7/Task3/index.php on line 43
[23-May-2023 22:52:42 Europe/Moscow] PHP Warning:  foreach() argument must be of type array|object, null given in /var/www/Labs/Lab7/Task3/index.php on line 47
[23-May-2023 22:52:42 Europe/Moscow] PHP Warning:  Undefined variable $temperatureRes in /var/www/Labs/Lab7/Task3/index.php on line 62
[23-May-2023 22:52:42 Europe/Moscow] PHP Warning:  file_get_contents(https://api.weather.yandex.ru/v2/forecast/?lat=55.721560&amp;lon=84.929553&amp;lang=ru_RU): Failed to open stream: HTTP request failed! HTTP/1.1 403 Forbidden
 in /var/www/Labs/Lab7/Task3/index.php on line 74
[23-May-2023 22:52:42 Europe/Moscow] PHP Warning:  Attempt to read property "fact" on null in /var/www/Labs/Lab7/Task3/index.php on line 78
[23-May-2023 22:52:42 Europe/Moscow] PHP Warning:  Attempt to read property "temp" on null in /var/www/Labs/Lab7/Task3/index.php on line 79
[23-May-2023 22:53:41 Europe/Moscow] PHP Warning:  Undefined property: stdClass::$list in /var/www/Labs/Lab7/Task3/index.php on line 43
[23-May-2023 22:53:41 Europe/Moscow] PHP Warning:  foreach() argument must be of type array|object, null given in /var/www/Labs/Lab7/Task3/index.php on line 47
[23-May-2023 22:53:41 Europe/Moscow] PHP Warning:  Undefined variable $temperatureRes in /var/www/Labs/Lab7/Task3/index.php on line 62
[23-May-2023 22:58:18 Europe/Moscow] PHP Warning:  Undefined property: stdClass::$list in /var/www/Labs/Lab7/Task3/index.php on line 43
[23-May-2023 22:58:18 Europe/Moscow] PHP Warning:  foreach() argument must be of type array|object, null given in /var/www/Labs/Lab7/Task3/index.php on line 47
[23-May-2023 22:58:18 Europe/Moscow] PHP Warning:  Undefined variable $temperatureRes in /var/www/Labs/Lab7/Task3/index.php on line 62
[23-May-2023 22:58:19 Europe/Moscow] PHP Warning:  Undefined property: stdClass::$forecast in /var/www/Labs/Lab7/Task3/index.php on line 77
[23-May-2023 22:58:19 Europe/Moscow] PHP Warning:  Undefined variable $temperatureRes in /var/www/Labs/Lab7/Task3/index.php on line 80
[23-May-2023 22:58:19 Europe/Moscow] PHP Warning:  Undefined variable $temperatureRes in /var/www/Labs/Lab7/Task3/index.php on line 95
[23-May-2023 22:58:23 Europe/Moscow] PHP Warning:  Undefined property: stdClass::$list in /var/www/Labs/Lab7/Task3/index.php on line 43
[23-May-2023 22:58:23 Europe/Moscow] PHP Warning:  foreach() argument must be of type array|object, null given in /var/www/Labs/Lab7/Task3/index.php on line 47
[23-May-2023 22:58:23 Europe/Moscow] PHP Warning:  Undefined variable $temperatureRes in /var/www/Labs/Lab7/Task3/index.php on line 62
[23-May-2023 22:58:24 Europe/Moscow] PHP Warning:  Undefined property: stdClass::$forecast in /var/www/Labs/Lab7/Task3/index.php on line 77
[23-May-2023 22:58:24 Europe/Moscow] PHP Warning:  Undefined variable $temperatureRes in /var/www/Labs/Lab7/Task3/index.php on line 80
[23-May-2023 22:58:24 Europe/Moscow] PHP Warning:  Undefined variable $temperatureRes in /var/www/Labs/Lab7/Task3/index.php on line 95
[23-May-2023 22:59:46 Europe/Moscow] PHP Warning:  Undefined property: stdClass::$list in /var/www/Labs/Lab7/Task3/index.php on line 43
[23-May-2023 22:59:46 Europe/Moscow] PHP Warning:  foreach() argument must be of type array|object, null given in /var/www/Labs/Lab7/Task3/index.php on line 47
[23-May-2023 22:59:46 Europe/Moscow] PHP Warning:  Undefined variable $temperatureRes in /var/www/Labs/Lab7/Task3/index.php on line 62
[23-May-2023 22:59:46 Europe/Moscow] PHP Warning:  Undefined variable $temperatureRes in /var/www/Labs/Lab7/Task3/index.php on line 80
[23-May-2023 22:59:46 Europe/Moscow] PHP Warning:  Undefined variable $temperatureRes in /var/www/Labs/Lab7/Task3/index.php on line 95
[23-May-2023 23:04:47 Europe/Moscow] PHP Warning:  Undefined property: stdClass::$list in /var/www/Labs/Lab7/Task3/index.php on line 43
[23-May-2023 23:04:47 Europe/Moscow] PHP Warning:  foreach() argument must be of type array|object, null given in /var/www/Labs/Lab7/Task3/index.php on line 47
[23-May-2023 23:04:47 Europe/Moscow] PHP Warning:  Undefined variable $temperatureRes in /var/www/Labs/Lab7/Task3/index.php on line 62
[01-Jun-2023 10:37:58 Europe/Moscow] PHP Warning:  file_get_contents(https://weather.rambler.ru/v-Minske/tomorrow/): Failed to open stream: HTTP request failed! HTTP/1.1 404 Not Found
 in /var/www/lab7/lab72/lab7/Lab77/Task3/index.php on line 21
[01-Jun-2023 10:37:58 Europe/Moscow] PHP Warning:  file_get_contents(https://weather.rambler.ru/v-Minsk/tomorrow/): Failed to open stream: HTTP request failed! HTTP/1.1 404 Not Found
 in /var/www/lab7/lab72/lab7/Lab77/Task3/index.php on line 23
[01-Jun-2023 10:37:58 Europe/Moscow] PHP Warning:  Undefined array key 0 in /var/www/lab7/lab72/lab7/Lab77/Task3/index.php on line 29
[01-Jun-2023 10:37:58 Europe/Moscow] PHP Warning:  Undefined array key 0 in /var/www/lab7/lab72/lab7/Lab77/Task3/index.php on line 29
[01-Jun-2023 10:37:58 Europe/Moscow] PHP Deprecated:  strrpos(): Passing null to parameter #1 ($haystack) of type string is deprecated in /var/www/lab7/lab72/lab7/Lab77/Task3/index.php on line 29
[01-Jun-2023 10:37:58 Europe/Moscow] PHP Deprecated:  substr(): Passing null to parameter #1 ($string) of type string is deprecated in /var/www/lab7/lab72/lab7/Lab77/Task3/index.php on line 29
[07-Jun-2023 00:02:33 Europe/Moscow] PHP Warning:  file_get_contents(https://weather.rambler.ru/v-Minske/tomorrow/): Failed to open stream: HTTP request failed! HTTP/1.1 404 Not Found
 in /var/www/lab7/lab72/lab7/Lab77/Task3/index.php on line 21
[07-Jun-2023 00:02:34 Europe/Moscow] PHP Warning:  file_get_contents(https://weather.rambler.ru/v-Minsk/tomorrow/): Failed to open stream: HTTP request failed! HTTP/1.1 404 Not Found
 in /var/www/lab7/lab72/lab7/Lab77/Task3/index.php on line 23
[07-Jun-2023 00:02:34 Europe/Moscow] PHP Warning:  Undefined array key 0 in /var/www/lab7/lab72/lab7/Lab77/Task3/index.php on line 29
[07-Jun-2023 00:02:34 Europe/Moscow] PHP Warning:  Undefined array key 0 in /var/www/lab7/lab72/lab7/Lab77/Task3/index.php on line 29
[07-Jun-2023 00:02:34 Europe/Moscow] PHP Deprecated:  strrpos(): Passing null to parameter #1 ($haystack) of type string is deprecated in /var/www/lab7/lab72/lab7/Lab77/Task3/index.php on line 29
[07-Jun-2023 00:02:34 Europe/Moscow] PHP Deprecated:  substr(): Passing null to parameter #1 ($string) of type string is deprecated in /var/www/lab7/lab72/lab7/Lab77/Task3/index.php on line 29
